[INFO  - 2021-03-15T03:46:39.147Z] GhostDriver - Main - running on port 56141
[INFO  - 2021-03-15T03:46:41.679Z] Session [0dda4970-8541-11eb-969a-7b29d2bf3ef0] - page.settings - {"XSSAuditingEnabled":false,"javascriptCanCloseWindows":true,"javascriptCanOpenWindows":true,"javascriptEnabled":true,"loadImages":true,"localToRemoteUrlAccessEnabled":false,"userAgent":"Mozilla/5.0 (Windows NT 6.1; WOW64) AppleWebKit/538.1 (KHTML, like Gecko) PhantomJS/2.1.1 Safari/538.1","webSecurityEnabled":true}
[INFO  - 2021-03-15T03:46:41.679Z] Session [0dda4970-8541-11eb-969a-7b29d2bf3ef0] - page.customHeaders:  - {}
[INFO  - 2021-03-15T03:46:41.679Z] Session [0dda4970-8541-11eb-969a-7b29d2bf3ef0] - Session.negotiatedCapabilities - {"browserName":"phantomjs","version":"2.1.1","driverName":"ghostdriver","driverVersion":"1.2.0","platform":"windows-7-32bit","javascriptEnabled":true,"takesScreenshot":true,"handlesAlerts":false,"databaseEnabled":false,"locationContextEnabled":false,"applicationCacheEnabled":false,"browserConnectionEnabled":false,"cssSelectorsEnabled":true,"webStorageEnabled":false,"rotatable":false,"acceptSslCerts":false,"nativeEvents":true,"proxy":{"proxyType":"direct"}}
[INFO  - 2021-03-15T03:46:41.679Z] SessionManagerReqHand - _postNewSessionCommand - New Session Created: 0dda4970-8541-11eb-969a-7b29d2bf3ef0
[ERROR - 2021-03-15T03:46:42.731Z] Session [0dda4970-8541-11eb-969a-7b29d2bf3ef0] - page.onError - msg: ReferenceError: Can"t find variable: Map

  phantomjs://platform/console++.js:263 in error
[ERROR - 2021-03-15T03:46:42.732Z] Session [0dda4970-8541-11eb-969a-7b29d2bf3ef0] - page.onError - stack:
  (anonymous function) (https://www.lgstatic.com/lg-www-fed/pkg/index/page/index/main.html_aio_4_9721af6.js:5)

  phantomjs://platform/console++.js:263 in error
[ERROR - 2021-03-15T03:46:42.735Z] Session [0dda4970-8541-11eb-969a-7b29d2bf3ef0] - page.onError - msg: TypeError: undefined is not a constructor (evaluating "window.renderMyLoginNavPane()")

  phantomjs://platform/console++.js:263 in error
[ERROR - 2021-03-15T03:46:42.735Z] Session [0dda4970-8541-11eb-969a-7b29d2bf3ef0] - page.onError - stack:
  global code (https://www.lagou.com/wuhan/:3914)

  phantomjs://platform/console++.js:263 in error
[ERROR - 2021-03-15T03:46:42.744Z] Session [0dda4970-8541-11eb-969a-7b29d2bf3ef0] - page.onError - msg: ReferenceError: Can"t find variable: Map

  phantomjs://platform/console++.js:263 in error
[ERROR - 2021-03-15T03:46:42.745Z] Session [0dda4970-8541-11eb-969a-7b29d2bf3ef0] - page.onError - stack:
  (anonymous function) (https://www.lgstatic.com/lg-upload-fed/upload.min.js:2)
  n (https://www.lgstatic.com/lg-upload-fed/upload.min.js:2)
  (anonymous function) (https://www.lgstatic.com/lg-upload-fed/upload.min.js:2)
  n (https://www.lgstatic.com/lg-upload-fed/upload.min.js:2)
  (anonymous function) (https://www.lgstatic.com/lg-upload-fed/upload.min.js:2)
  n (https://www.lgstatic.com/lg-upload-fed/upload.min.js:2)
  (anonymous function) (https://www.lgstatic.com/lg-upload-fed/upload.min.js:2)

  phantomjs://platform/console++.js:263 in error
[INFO  - 2021-03-15T03:51:39.148Z] SessionManagerReqHand - _cleanupWindowlessSessions - Asynchronous Sessions clean-up phase starting NOW
[INFO  - 2021-03-15T03:56:39.159Z] SessionManagerReqHand - _cleanupWindowlessSessions - Asynchronous Sessions clean-up phase starting NOW
[INFO  - 2021-03-15T04:01:39.196Z] SessionManagerReqHand - _cleanupWindowlessSessions - Asynchronous Sessions clean-up phase starting NOW
[INFO  - 2021-03-15T04:06:39.196Z] SessionManagerReqHand - _cleanupWindowlessSessions - Asynchronous Sessions clean-up phase starting NOW
[INFO  - 2021-03-15T04:11:39.196Z] SessionManagerReqHand - _cleanupWindowlessSessions - Asynchronous Sessions clean-up phase starting NOW
[INFO  - 2021-03-15T04:16:39.228Z] SessionManagerReqHand - _cleanupWindowlessSessions - Asynchronous Sessions clean-up phase starting NOW
[INFO  - 2021-03-15T04:21:39.228Z] SessionManagerReqHand - _cleanupWindowlessSessions - Asynchronous Sessions clean-up phase starting NOW
[INFO  - 2021-03-15T04:26:39.258Z] SessionManagerReqHand - _cleanupWindowlessSessions - Asynchronous Sessions clean-up phase starting NOW
[INFO  - 2021-03-15T04:31:39.289Z] SessionManagerReqHand - _cleanupWindowlessSessions - Asynchronous Sessions clean-up phase starting NOW
